<?xml version="1.0" encoding="UTF-8"?>
<testng-results ignored="0" total="1" passed="1" failed="0" skipped="0">
  <reporter-output>
  </reporter-output>
  <suite started-at="2023-09-02T13:40:36 IST" name="Default suite" finished-at="2023-09-02T13:40:51 IST" duration-ms="14900">
    <groups>
    </groups>
    <test started-at="2023-09-02T13:40:36 IST" name="Default test" finished-at="2023-09-02T13:40:51 IST" duration-ms="14900">
      <class name="com.selenium.Sample4.AppTest">
        <test-method signature="fi()[pri:0, instance:com.selenium.Sample4.AppTest@3e58a80e]" started-at="2023-09-02T13:40:36 IST" name="fi" finished-at="2023-09-02T13:40:51 IST" duration-ms="14823" status="PASS">
          <reporter-output>
          </reporter-output>
        </test-method> <!-- fi -->
      </class> <!-- com.selenium.Sample4.AppTest -->
    </test> <!-- Default test -->
  </suite> <!-- Default suite -->
</testng-results>
